<?xml version="1.0" encoding="UTF-8"?>
<!-- Generated by org.testng.reporters.JUnitXMLReporter -->
<testsuite hostname="DESKTOP-GQ5DUF1" name="Surefire test" tests="24" failures="0" timestamp="21 Oct 2016 08:25:06 GMT" time="0.261" errors="0">
  <testcase name="testResultForHomeCity on testResultForHomeCity(se.nackademin.examination.examination_jacoco.ResultsFromInputsTest)" time="0.01" classname="se.nackademin.examination.examination_jacoco.ResultsFromInputsTest"/>
  <testcase name="testResultForGender on testResultForGender(se.nackademin.examination.examination_jacoco.ResultsFromInputsTest)" time="0.001" classname="se.nackademin.examination.examination_jacoco.ResultsFromInputsTest"/>
  <testcase name="testResultForAge on testResultForAge(se.nackademin.examination.examination_jacoco.ResultsFromInputsTest)" time="0.001" classname="se.nackademin.examination.examination_jacoco.ResultsFromInputsTest"/>
  <testcase name="testResultForNameLength on testResultForNameLength(se.nackademin.examination.examination_jacoco.ResultsFromInputsTest)" time="0.0" classname="se.nackademin.examination.examination_jacoco.ResultsFromInputsTest"/>
  <testcase name="testResultStringBigHomeCityAndAgeUnder30 on testResultStringBigHomeCityAndAgeUnder30(se.nackademin.examination.examination_jacoco.DataAnalysisTest)" time="0.003" classname="se.nackademin.examination.examination_jacoco.DataAnalysisTest"/>
  <testcase name="testResultStringSmallHomeCityAndAgeOver30 on testResultStringSmallHomeCityAndAgeOver30(se.nackademin.examination.examination_jacoco.DataAnalysisTest)" time="0.001" classname="se.nackademin.examination.examination_jacoco.DataAnalysisTest"/>
  <testcase name="testResultStringNamesAndAgeUnder30 on testResultStringNamesAndAgeUnder30(se.nackademin.examination.examination_jacoco.DataAnalysisTest)" time="0.001" classname="se.nackademin.examination.examination_jacoco.DataAnalysisTest"/>
  <testcase name="testResultStringSmallHomeCityAndAgeUnder30 on testResultStringSmallHomeCityAndAgeUnder30(se.nackademin.examination.examination_jacoco.DataAnalysisTest)" time="0.001" classname="se.nackademin.examination.examination_jacoco.DataAnalysisTest"/>
  <testcase name="testResultStringNamesAndAgeOver30 on testResultStringNamesAndAgeOver30(se.nackademin.examination.examination_jacoco.DataAnalysisTest)" time="0.0" classname="se.nackademin.examination.examination_jacoco.DataAnalysisTest"/>
  <testcase name="testResultStringBigHomeCityAndAgeOver30 on testResultStringBigHomeCityAndAgeOver30(se.nackademin.examination.examination_jacoco.DataAnalysisTest)" time="0.001" classname="se.nackademin.examination.examination_jacoco.DataAnalysisTest"/>
  <testcase name="testCalculateOutputBasedOnNames on testCalculateOutputBasedOnNames(se.nackademin.examination.examination_jacoco.GameTest)" time="0.0" classname="se.nackademin.examination.examination_jacoco.GameTest"/>
  <testcase name="testRun on testRun(se.nackademin.examination.examination_jacoco.GameTest)" time="0.003" classname="se.nackademin.examination.examination_jacoco.GameTest"/>
  <testcase name="testAgeFromInputValues on testAgeFromInputValues(se.nackademin.examination.examination_jacoco.GameTest)" time="0.001" classname="se.nackademin.examination.examination_jacoco.GameTest"/>
  <testcase name="testCalculateOutPutBasedOnHomeCity on testCalculateOutPutBasedOnHomeCity(se.nackademin.examination.examination_jacoco.GameTest)" time="0.001" classname="se.nackademin.examination.examination_jacoco.GameTest"/>
  <testcase name="testCalculateOutPutBasedOnAge on testCalculateOutPutBasedOnAge(se.nackademin.examination.examination_jacoco.GameTest)" time="0.0" classname="se.nackademin.examination.examination_jacoco.GameTest"/>
  <testcase name="testCalculateOutputBasedOnGender on testCalculateOutputBasedOnGender(se.nackademin.examination.examination_jacoco.GameTest)" time="0.002" classname="se.nackademin.examination.examination_jacoco.GameTest"/>
  <testcase name="testGenderFromInputValues on testGenderFromInputValues(se.nackademin.examination.examination_jacoco.GameTest)" time="0.002" classname="se.nackademin.examination.examination_jacoco.GameTest"/>
  <testcase name="testRunGame on testRunGame(se.nackademin.examination.examination_jacoco.GameTest)" time="0.005" classname="se.nackademin.examination.examination_jacoco.GameTest"/>
  <testcase name="testBuildFinalString on testBuildFinalString(se.nackademin.examination.examination_jacoco.GameTest)" time="0.0" classname="se.nackademin.examination.examination_jacoco.GameTest"/>
  <testcase name="testMainMethod on testMainMethod(se.nackademin.examination.examination_jacoco.MainTest)" time="0.002" classname="se.nackademin.examination.examination_jacoco.MainTest"/>
  <testcase name="testNameConverterArrayValues on testNameConverterArrayValues(se.nackademin.examination.examination_jacoco.ConversorTest)" time="0.0" classname="se.nackademin.examination.examination_jacoco.ConversorTest"/>
  <testcase name="testCityConverterArrayValues on testCityConverterArrayValues(se.nackademin.examination.examination_jacoco.ConversorTest)" time="0.0" classname="se.nackademin.examination.examination_jacoco.ConversorTest"/>
  <testcase name="testAgeConverterArrayValues on testAgeConverterArrayValues(se.nackademin.examination.examination_jacoco.ConversorTest)" time="0.0" classname="se.nackademin.examination.examination_jacoco.ConversorTest"/>
  <testcase name="testGenderConverterArrayValues on testGenderConverterArrayValues(se.nackademin.examination.examination_jacoco.ConversorTest)" time="0.001" classname="se.nackademin.examination.examination_jacoco.ConversorTest"/>
</testsuite> <!-- Surefire test -->
